# JRE version: Java(TM) SE Runtime Environment (8.0_131-b11) (build 1.8.0_131-b11)
# Java VM: Java HotSpot(TM) 64-Bit Server VM (25.131-b11 mixed mode windows-amd64 compressed oops)
Heap:
 PSYoungGen      total 91648K, used 3506K [0x00000000eb600000, 0x00000000f2900000, 0x0000000100000000)
  eden space 87552K, 4% used [0x00000000eb600000,0x00000000eb96cbd8,0x00000000f0b80000)
  from space 4096K, 0% used [0x00000000f0b80000,0x00000000f0b80000,0x00000000f0f80000)
  to   space 4608K, 0% used [0x00000000f2480000,0x00000000f2480000,0x00000000f2900000)
 ParOldGen       total 48640K, used 11938K [0x00000000c2200000, 0x00000000c5180000, 0x00000000eb600000)
  object space 48640K, 24% used [0x00000000c2200000,0x00000000c2da8af8,0x00000000c5180000)
 Metaspace       used 33967K, capacity 35606K, committed 35752K, reserved 1081344K
  class space    used 4389K, capacity 4715K, committed 4736K, reserved 1048576K
GC Heap History (10 events):
Event: 8.598 GC heap before
{Heap before GC invocations=13 (full 1):
 PSYoungGen      total 55296K, used 51200K [0x00000000eb600000, 0x00000000f0e00000, 0x0000000100000000)
  eden space 51200K, 100% used [0x00000000eb600000,0x00000000ee800000,0x00000000ee800000)
  from space 4096K, 0% used [0x00000000ee800000,0x00000000ee800000,0x00000000eec00000)
  to   space 4096K, 0% used [0x00000000f0a00000,0x00000000f0a00000,0x00000000f0e00000)
 ParOldGen       total 29696K, used 5694K [0x00000000c2200000, 0x00000000c3f00000, 0x00000000eb600000)
  object space 29696K, 19% used [0x00000000c2200000,0x00000000c278f8d0,0x00000000c3f00000)
 Metaspace       used 24290K, capacity 25074K, committed 25216K, reserved 1071104K
  class space    used 3142K, capacity 3351K, committed 3456K, reserved 1048576K
Event: 8.603 GC heap after
Heap after GC invocations=13 (full 1):
 PSYoungGen      total 70144K, used 2496K [0x00000000eb600000, 0x00000000f0c80000, 0x0000000100000000)
  eden space 67584K, 0% used [0x00000000eb600000,0x00000000eb600000,0x00000000ef800000)
  from space 2560K, 97% used [0x00000000f0a00000,0x00000000f0c70020,0x00000000f0c80000)
  to   space 4096K, 0% used [0x00000000f0480000,0x00000000f0480000,0x00000000f0880000)
 ParOldGen       total 29696K, used 5766K [0x00000000c2200000, 0x00000000c3f00000, 0x00000000eb600000)
  object space 29696K, 19% used [0x00000000c2200000,0x00000000c27a18e0,0x00000000c3f00000)
 Metaspace       used 24290K, capacity 25074K, committed 25216K, reserved 1071104K
  class space    used 3142K, capacity 3351K, committed 3456K, reserved 1048576K
}
Event: 11.262 GC heap before
{Heap before GC invocations=14 (full 1):
 PSYoungGen      total 70144K, used 70080K [0x00000000eb600000, 0x00000000f0c80000, 0x0000000100000000)
  eden space 67584K, 100% used [0x00000000eb600000,0x00000000ef800000,0x00000000ef800000)
  from space 2560K, 97% used [0x00000000f0a00000,0x00000000f0c70020,0x00000000f0c80000)
  to   space 4096K, 0% used [0x00000000f0480000,0x00000000f0480000,0x00000000f0880000)
 ParOldGen       total 29696K, used 5766K [0x00000000c2200000, 0x00000000c3f00000, 0x00000000eb600000)
  object space 29696K, 19% used [0x00000000c2200000,0x00000000c27a18e0,0x00000000c3f00000)
 Metaspace       used 28449K, capacity 29678K, committed 29824K, reserved 1075200K
  class space    used 3662K, capacity 3917K, committed 3968K, reserved 1048576K
Event: 11.272 GC heap after
Heap after GC invocations=14 (full 1):
 PSYoungGen      total 84480K, used 2496K [0x00000000eb600000, 0x00000000f1380000, 0x0000000100000000)
  eden space 80384K, 0% used [0x00000000eb600000,0x00000000eb600000,0x00000000f0480000)
  from space 4096K, 60% used [0x00000000f0480000,0x00000000f06f0010,0x00000000f0880000)
  to   space 4096K, 0% used [0x00000000f0f80000,0x00000000f0f80000,0x00000000f1380000)
 ParOldGen       total 29696K, used 8086K [0x00000000c2200000, 0x00000000c3f00000, 0x00000000eb600000)
  object space 29696K, 27% used [0x00000000c2200000,0x00000000c29e5920,0x00000000c3f00000)
 Metaspace       used 28449K, capacity 29678K, committed 29824K, reserved 1075200K
  class space    used 3662K, capacity 3917K, committed 3968K, reserved 1048576K
}
Event: 12.616 GC heap before
{Heap before GC invocations=15 (full 1):
 PSYoungGen      total 84480K, used 82880K [0x00000000eb600000, 0x00000000f1380000, 0x0000000100000000)
  eden space 80384K, 100% used [0x00000000eb600000,0x00000000f0480000,0x00000000f0480000)
  from space 4096K, 60% used [0x00000000f0480000,0x00000000f06f0010,0x00000000f0880000)
  to   space 4096K, 0% used [0x00000000f0f80000,0x00000000f0f80000,0x00000000f1380000)
 ParOldGen       total 29696K, used 8086K [0x00000000c2200000, 0x00000000c3f00000, 0x00000000eb600000)
  object space 29696K, 27% used [0x00000000c2200000,0x00000000c29e5920,0x00000000c3f00000)
 Metaspace       used 32058K, capacity 33516K, committed 33664K, reserved 1079296K
  class space    used 4119K, capacity 4406K, committed 4480K, reserved 1048576K
Event: 12.627 GC heap after
Heap after GC invocations=15 (full 1):
 PSYoungGen      total 91648K, used 3008K [0x00000000eb600000, 0x00000000f2280000, 0x0000000100000000)
  eden space 87552K, 0% used [0x00000000eb600000,0x00000000eb600000,0x00000000f0b80000)
  from space 4096K, 73% used [0x00000000f0f80000,0x00000000f1270000,0x00000000f1380000)
  to   space 4096K, 0% used [0x00000000f0b80000,0x00000000f0b80000,0x00000000f0f80000)
 ParOldGen       total 29696K, used 10286K [0x00000000c2200000, 0x00000000c3f00000, 0x00000000eb600000)
  object space 29696K, 34% used [0x00000000c2200000,0x00000000c2c0b960,0x00000000c3f00000)
 Metaspace       used 32058K, capacity 33516K, committed 33664K, reserved 1079296K
  class space    used 4119K, capacity 4406K, committed 4480K, reserved 1048576K
}
Event: 34.799 GC heap before
{Heap before GC invocations=16 (full 1):
 PSYoungGen      total 91648K, used 32679K [0x00000000eb600000, 0x00000000f2280000, 0x0000000100000000)
  eden space 87552K, 33% used [0x00000000eb600000,0x00000000ed2f9c38,0x00000000f0b80000)
  from space 4096K, 73% used [0x00000000f0f80000,0x00000000f1270000,0x00000000f1380000)
  to   space 4096K, 0% used [0x00000000f0b80000,0x00000000f0b80000,0x00000000f0f80000)
 ParOldGen       total 29696K, used 10286K [0x00000000c2200000, 0x00000000c3f00000, 0x00000000eb600000)
  object space 29696K, 34% used [0x00000000c2200000,0x00000000c2c0b960,0x00000000c3f00000)
 Metaspace       used 33825K, capacity 35430K, committed 35496K, reserved 1081344K
  class space    used 4367K, capacity 4701K, committed 4736K, reserved 1048576K
Event: 34.810 GC heap after
Heap after GC invocations=16 (full 1):
 PSYoungGen      total 91648K, used 3520K [0x00000000eb600000, 0x00000000f2900000, 0x0000000100000000)
  eden space 87552K, 0% used [0x00000000eb600000,0x00000000eb600000,0x00000000f0b80000)
  from space 4096K, 85% used [0x00000000f0b80000,0x00000000f0ef0020,0x00000000f0f80000)
  to   space 4608K, 0% used [0x00000000f2480000,0x00000000f2480000,0x00000000f2900000)
 ParOldGen       total 29696K, used 10294K [0x00000000c2200000, 0x00000000c3f00000, 0x00000000eb600000)
  object space 29696K, 34% used [0x00000000c2200000,0x00000000c2c0d960,0x00000000c3f00000)
 Metaspace       used 33825K, capacity 35430K, committed 35496K, reserved 1081344K
  class space    used 4367K, capacity 4701K, committed 4736K, reserved 1048576K
}
Event: 34.810 GC heap before
{Heap before GC invocations=17 (full 2):
 PSYoungGen      total 91648K, used 3520K [0x00000000eb600000, 0x00000000f2900000, 0x0000000100000000)
  eden space 87552K, 0% used [0x00000000eb600000,0x00000000eb600000,0x00000000f0b80000)
  from space 4096K, 85% used [0x00000000f0b80000,0x00000000f0ef0020,0x00000000f0f80000)
  to   space 4608K, 0% used [0x00000000f2480000,0x00000000f2480000,0x00000000f2900000)
 ParOldGen       total 29696K, used 10294K [0x00000000c2200000, 0x00000000c3f00000, 0x00000000eb600000)
  object space 29696K, 34% used [0x00000000c2200000,0x00000000c2c0d960,0x00000000c3f00000)
 Metaspace       used 33825K, capacity 35430K, committed 35496K, reserved 1081344K
  class space    used 4367K, capacity 4701K, committed 4736K, reserved 1048576K
Event: 34.936 GC heap after
Heap after GC invocations=17 (full 2):
 PSYoungGen      total 91648K, used 0K [0x00000000eb600000, 0x00000000f2900000, 0x0000000100000000)
  eden space 87552K, 0% used [0x00000000eb600000,0x00000000eb600000,0x00000000f0b80000)
  from space 4096K, 0% used [0x00000000f0b80000,0x00000000f0b80000,0x00000000f0f80000)
  to   space 4608K, 0% used [0x00000000f2480000,0x00000000f2480000,0x00000000f2900000)
 ParOldGen       total 48640K, used 11938K [0x00000000c2200000, 0x00000000c5180000, 0x00000000eb600000)
  object space 48640K, 24% used [0x00000000c2200000,0x00000000c2da8af8,0x00000000c5180000)
 Metaspace       used 33825K, capacity 35430K, committed 35496K, reserved 1081344K
  class space    used 4367K, capacity 4701K, committed 4736K, reserved 1048576K
}

